<?xml version="1.0" encoding="UTF-8"?>
<!-- Generated by org.testng.reporters.JUnitReportReporter -->
<testsuite hostname="Kamala" failures="0" tests="2" name="NewPackage.NewProject.LaunchBrowser" time="8.152" errors="0" timestamp="2025-03-01T23:25:41 CST" skipped="0">
  <testcase classname="NewPackage.NewProject.LaunchBrowser" name="name" time="8.147"/>
  <system-out/>
  <testcase classname="NewPackage.NewProject.LaunchBrowser" name="testcase2" time="0.005"/>
  <system-out/>
</testsuite> <!-- NewPackage.NewProject.LaunchBrowser -->
