<?xml version="1.0" encoding="UTF-8"?>
<!-- Generated by org.testng.reporters.JUnitReportReporter -->
<testsuite hostname="Kamala" failures="0" tests="1" name="GTM_AmazonProject1_TestPages.TestCase1" time="6.470" errors="0" timestamp="2025-04-01T22:39:11 CDT" skipped="0">
  <testcase classname="GTM_AmazonProject1_TestPages.TestCase1" name="correct_login" time="6.470"/>
</testsuite> <!-- GTM_AmazonProject1_TestPages.TestCase1 -->
